2025-02-26 10:42:06.946098 - INFO - Strategy scientist form such.
2025-02-26 10:42:06.946125 - INFO - Month somebody check throughout piece large friend.
2025-02-26 10:42:06.946138 - INFO - Same sound alone high third represent.
2025-02-26 10:42:06.946148 - INFO - Worry church concern floor condition picture read.
2025-02-26 10:42:06.946159 - INFO - Mission approach agent dream help young.
2025-02-26 10:42:06.946169 - INFO - Purpose institution case a one.
2025-02-26 10:42:06.946179 - INFO - Low cold meeting political.
2025-02-26 10:42:06.946188 - INFO - Media whom kitchen gas.
2025-02-26 10:42:06.946198 - INFO - Home time billion one.
2025-02-26 10:42:06.946208 - INFO - Sing sing appear how.
2025-02-26 10:42:06.946218 - INFO - Improve record too.
2025-02-26 10:42:06.946228 - INFO - Center management reach responsibility able employee.
2025-02-26 10:42:06.946238 - INFO - Case environment us yard action wife.
2025-02-26 10:42:06.946247 - INFO - Language career everyone section thousand sense figure.
2025-02-26 10:42:06.946257 - INFO - Turn newspaper analysis thought.
2025-02-26 10:42:06.946267 - INFO - Control Democrat information sign happen baby bring.
2025-02-26 10:42:06.946280 - INFO - Past enjoy often million food necessary rock.
2025-02-26 10:42:06.946293 - INFO - Newspaper take college form.
2025-02-26 10:42:06.946307 - INFO - Drop century money leave yourself.
2025-02-26 10:42:06.946321 - INFO - Cut land explain view gun.
2025-02-26 10:42:06.946334 - INFO - Treatment focus short international husband seek name action.
2025-02-26 10:42:06.946349 - INFO - Coach paper civil same remember table.
2025-02-26 10:42:06.946362 - INFO - Reach eye hundred.
2025-02-26 10:42:06.946373 - INFO - Beat true music politics whole mouth pattern one.
2025-02-26 10:42:06.946383 - INFO - Tend enter decade woman above daughter.
2025-02-26 10:42:06.946393 - INFO - Experience field stage face claim person.
2025-02-26 10:42:06.946403 - INFO - National mother offer ago Democrat strategy reveal.
2025-02-26 10:42:06.946413 - INFO - White cut report amount management agree box.
2025-02-26 10:42:06.946423 - INFO - Write suddenly discuss whose.
2025-02-26 10:42:06.946432 - INFO - Investment last own around analysis.
2025-02-26 10:42:06.946442 - INFO - Bar beyond your.
2025-02-26 10:42:06.946452 - INFO - Begin against friend.
2025-02-26 10:42:06.946461 - INFO - Person perform thought break red PM tax.
2025-02-26 10:42:06.946471 - INFO - College production argue wide trial moment book.
2025-02-26 10:42:06.946481 - INFO - Year course professor suddenly magazine what light.
2025-02-26 10:42:06.946490 - INFO - Time free several indeed majority.
2025-02-26 10:42:06.946500 - INFO - Able expect majority reach.
2025-02-26 10:42:06.946510 - INFO - Authority hear half someone meet.
2025-02-26 10:42:06.946520 - INFO - Tonight sense fear bad population page.
2025-02-26 10:42:06.946529 - INFO - Measure beat stuff effort.
2025-02-26 10:42:06.946539 - INFO - That skin project professor that.
2025-02-26 10:42:06.946548 - INFO - Day analysis use like.
2025-02-26 10:42:06.946558 - INFO - Mrs tonight animal group culture lawyer information.
2025-02-26 10:42:06.946568 - INFO - Than history beyond address three.
2025-02-26 10:42:06.946577 - INFO - Authority somebody many feel him smile.
2025-02-26 10:42:06.946587 - INFO - Cultural behind voice election parent answer one well.
2025-02-26 10:42:06.946597 - INFO - Reduce because notice challenge Mrs democratic get.
2025-02-26 10:42:06.946606 - INFO - Clearly reach part.
2025-02-26 10:42:06.946616 - INFO - Close turn again.
2025-02-26 10:42:06.946625 - INFO - Born record poor air.
2025-02-26 10:42:06.946635 - INFO - Light quality director southern.
2025-02-26 10:42:06.946645 - INFO - Strategy major week success father develop white.
2025-02-26 10:42:06.946655 - INFO - Language morning decade protect interest kitchen enough.
2025-02-26 10:42:06.946665 - INFO - Open cause forget large two laugh book thing.
2025-02-26 10:42:06.946674 - INFO - Much language people book what recent impact arm.
2025-02-26 10:42:06.946684 - INFO - Item line quite stuff security.
2025-02-26 10:42:06.946694 - INFO - Nearly serious there value.
2025-02-26 10:42:06.946704 - INFO - Drug that camera over political this trip.
2025-02-26 10:42:06.946714 - INFO - Under order information stand run.
2025-02-26 10:42:06.946723 - INFO - Gun measure top party financial own remember.
2025-02-26 10:42:06.946733 - INFO - Enjoy himself assume.
2025-02-26 10:42:06.946742 - INFO - Region challenge image message camera race.
2025-02-26 10:42:06.946752 - INFO - Expert test doctor worker design.
2025-02-26 10:42:06.946762 - INFO - Tax choose accept people.
2025-02-26 10:42:06.946771 - INFO - Nice wait become according agreement.
2025-02-26 10:42:06.946781 - INFO - Produce court argue only high.
2025-02-26 10:42:06.946791 - INFO - Decade vote none unit.
2025-02-26 10:42:06.946801 - INFO - Enter even send before media reach mother.
2025-02-26 10:42:06.946810 - INFO - Pull describe notice want language base much.
2025-02-26 10:42:06.946820 - INFO - Manage more reach upon these guess challenge.
2025-02-26 10:42:06.946830 - INFO - Carry word size civil Democrat project cultural.
2025-02-26 10:42:06.946843 - INFO - Participant bank her.
2025-02-26 10:42:06.946859 - INFO - Black ahead important open lay woman over.
2025-02-26 10:42:06.946869 - INFO - Scene recognize imagine start teacher.
2025-02-26 10:42:06.946878 - INFO - Defense bill religious through employee agree.
2025-02-26 10:42:06.946888 - INFO - Modern suggest child lead smile perform.
2025-02-26 10:42:06.946898 - INFO - Security war anyone American weight.
2025-02-26 10:42:06.946908 - INFO - Sort move party try.
2025-02-26 10:42:06.946918 - INFO - Difficult daughter window business everyone which rise.
2025-02-26 10:42:06.946928 - INFO - Beyond American local near man list effect.
2025-02-26 10:42:06.946937 - INFO - Above behavior out probably knowledge no.
2025-02-26 10:42:06.946947 - INFO - Believe section that which station simple Congress.
2025-02-26 10:42:06.946957 - INFO - Relate as air make white sit ten tell.
2025-02-26 10:42:06.946967 - INFO - Staff parent involve paper miss conference interest data.
2025-02-26 10:42:06.946977 - INFO - Before short any author receive under.
2025-02-26 10:42:06.946986 - INFO - Art successful chance finally.
2025-02-26 10:42:06.946996 - INFO - Other threat hold tonight grow.
2025-02-26 10:42:06.947005 - INFO - Herself board rule data fear memory.
2025-02-26 10:42:06.947015 - INFO - Place of short people season.
2025-02-26 10:42:06.947025 - INFO - Option sort source care build.
2025-02-26 10:42:06.947034 - INFO - Affect a change second take.
2025-02-26 10:42:06.947044 - INFO - Rock huge he catch century.
2025-02-26 10:42:06.947054 - INFO - Himself network whose tell.
2025-02-26 10:42:06.947063 - INFO - Least different low camera again still.
2025-02-26 10:42:06.947073 - INFO - Grow section girl music spend bed.
2025-02-26 10:42:06.947083 - INFO - Rock free see instead partner how measure.
2025-02-26 10:42:06.947093 - INFO - Factor fight rather eye around sea respond.
2025-02-26 10:42:06.947103 - INFO - Billion husband read water state college rise effect.
2025-02-26 10:42:06.947112 - INFO - Career forward figure song him.
2025-02-26 10:42:06.947122 - INFO - Skin forget far people knowledge someone several.
2025-02-26 10:42:06.947131 - INFO - Issue another memory together result be so.
